Added Component: Designator=COL1(HDR1X7)
Add component (AddParameter): Name = "LatestRevisionDate"; Value = "17-Jul-2002"; VariantName = "[No Variations]"
Add component (AddParameter): Name = "LatestRevisionNote"; Value = "Re-released for DXP Platform."; VariantName = "[No Variations]"
Add component (AddParameter): Name = "Publisher"; Value = "Altium Limited"; VariantName = "[No Variations]"
Added Component: Designator=COL2(HDR1X7)
Add component (AddParameter): Name = "LatestRevisionDate"; Value = "17-Jul-2002"; VariantName = "[No Variations]"
Add component (AddParameter): Name = "LatestRevisionNote"; Value = "Re-released for DXP Platform."; VariantName = "[No Variations]"
Add component (AddParameter): Name = "Publisher"; Value = "Altium Limited"; VariantName = "[No Variations]"
Added Pin To Net: NetName=GND Pin=COL1-6
Added Pin To Net: NetName=VCC Pin=COL1-7
Added Pin To Net: NetName=GND Pin=COL2-6
Added Pin To Net: NetName=VCC Pin=COL2-7
Added Pin To Net: NetName=3.3V Pin=COL1-5
Added Pin To Net: NetName=3.3V Pin=COL2-5
Added Net: Name=3.3V
Added Pin To Net: NetName=INT Pin=COL1-2
Added Pin To Net: NetName=INT Pin=COL2-2
Added Net: Name=INT
Added Pin To Net: NetName=LED Pin=COL1-1
Added Pin To Net: NetName=LED Pin=COL2-1
Added Net: Name=LED
Added Pin To Net: NetName=SCL0 Pin=COL1-4
Added Net: Name=SCL0
Added Pin To Net: NetName=SCL1 Pin=COL2-4
Added Net: Name=SCL1
Added Pin To Net: NetName=SDA0 Pin=COL1-3
Added Net: Name=SDA0
Added Pin To Net: NetName=SDA1 Pin=COL2-3
Added Net: Name=SDA1
Added Member To Class: ClassName=tcrt 16 Sheet Member=Component COL1 Header 7
Added Member To Class: ClassName=tcrt 16 Sheet Member=Component COL2 Header 7
Added Room: Name=tcrt 16 Sheet
