Removed Pin From Net: NetName=OUTPUT Pin=multipelexer-1
Change Component Designator: OldDesignator=  NewDesignator=D5
Change Component Designator: OldDesignator=COL1 NewDesignator=1
Change Component Designator: OldDesignator=COL2 NewDesignator=2
Added Component: Designator=col1(HDR1X4)
Add component (AddParameter): Name = "LatestRevisionDate"; Value = "17-Jul-2002"; VariantName = "[No Variations]"
Add component (AddParameter): Name = "LatestRevisionNote"; Value = "Re-released for DXP Platform."; VariantName = "[No Variations]"
Add component (AddParameter): Name = "Publisher"; Value = "Altium Limited"; VariantName = "[No Variations]"
Added Component: Designator=col2(HDR1X4)
Add component (AddParameter): Name = "LatestRevisionDate"; Value = "17-Jul-2002"; VariantName = "[No Variations]"
Add component (AddParameter): Name = "LatestRevisionNote"; Value = "Re-released for DXP Platform."; VariantName = "[No Variations]"
Add component (AddParameter): Name = "Publisher"; Value = "Altium Limited"; VariantName = "[No Variations]"
Added Pin To Net: NetName=SDA0 Pin=col1-1
Added Pin To Net: NetName=SCL0 Pin=col1-2
Added Pin To Net: NetName=VCC Pin=col1-3
Added Pin To Net: NetName=GND Pin=col1-4
Added Pin To Net: NetName=SDA1 Pin=col2-1
Added Pin To Net: NetName=SCL1 Pin=col2-2
Added Pin To Net: NetName=VCC Pin=col2-3
Added Pin To Net: NetName=GND Pin=col2-4
Added Pin To Net: NetName=NetR25_1 Pin=R25-1
Added Pin To Net: NetName=VCC Pin=R25-2
Added Pin To Net: NetName=OUT13 Pin=R26-1
Added Pin To Net: NetName=VCC Pin=R26-2
Added Pin To Net: NetName=NetR27_1 Pin=R27-1
Added Pin To Net: NetName=VCC Pin=R27-2
Added Pin To Net: NetName=OUT14 Pin=R28-1
Added Pin To Net: NetName=VCC Pin=R28-2
Added Pin To Net: NetName=NetR29_1 Pin=R29-1
Added Pin To Net: NetName=VCC Pin=R29-2
Added Pin To Net: NetName=OUT15 Pin=R30-1
Added Pin To Net: NetName=VCC Pin=R30-2
Added Pin To Net: NetName=NetR31_1 Pin=R31-1
Added Pin To Net: NetName=VCC Pin=R31-2
Added Pin To Net: NetName=OUT16 Pin=R32-1
Added Pin To Net: NetName=VCC Pin=R32-2
Added Member To Class: ClassName=tcrt 16 Sheet Member=Component col1 Header 4
Added Member To Class: ClassName=tcrt 16 Sheet Member=Component col2 Header 4
Added Member To Class: ClassName=tcrt 16 Sheet Member=Component R25 150
Added Member To Class: ClassName=tcrt 16 Sheet Member=Component R26 10K
Added Member To Class: ClassName=tcrt 16 Sheet Member=Component R27 150
Added Member To Class: ClassName=tcrt 16 Sheet Member=Component R28 10K
Added Member To Class: ClassName=tcrt 16 Sheet Member=Component R29 150
Added Member To Class: ClassName=tcrt 16 Sheet Member=Component R30 10K
Added Member To Class: ClassName=tcrt 16 Sheet Member=Component R31 150
Added Member To Class: ClassName=tcrt 16 Sheet Member=Component R32 10K
Added Room: Name=tcrt 16 Sheet
