Added Component: Designator=D1(LED_1206)
Added Component: Designator=D2(LED_1206)
Added Component: Designator=D3(LED_1206)
Added Component: Designator=D4(LED_1206)
Added Component: Designator=D5(LED_1206)
Added Component: Designator=D6(LED_1206)
Added Component: Designator=multipelexer(PCBComponent_1)
Added Component: Designator=OUTMULTI(HDR1X8)
Add component (AddParameter): Name = "LatestRevisionDate"; Value = "17-Jul-2002"; VariantName = "[No Variations]"
Add component (AddParameter): Name = "LatestRevisionNote"; Value = "Re-released for DXP Platform."; VariantName = "[No Variations]"
Add component (AddParameter): Name = "Publisher"; Value = "Altium Limited"; VariantName = "[No Variations]"
Added Component: Designator=R1(0805)
Added Component: Designator=R2(0805)
Added Component: Designator=R3(0805)
Added Component: Designator=R4(0805)
Added Component: Designator=R5(0805)
Added Component: Designator=R6(0805)
Added Component: Designator=R7(0805)
Added Component: Designator=R8(0805)
Added Component: Designator=R9(0805)
Added Component: Designator=R10(0805)
Added Component: Designator=R11(0805)
Added Component: Designator=R12(0805)
Added Component: Designator=R13(0805)
Added Component: Designator=R14(0805)
Added Component: Designator=R15(0805)
Added Component: Designator=R16(0805)
Added Component: Designator=R17(0805)
Added Component: Designator=R18(0805)
Added Component: Designator=R19(0805)
Added Component: Designator=R20(0805)
Added Component: Designator=R21(0805)
Added Component: Designator=R22(0805)
Added Component: Designator=R23(0805)
Added Component: Designator=R24(0805)
Added Component: Designator=R25(0805)
Added Component: Designator=R26(0805)
Added Component: Designator=R27(0805)
Added Component: Designator=R28(0805)
Added Component: Designator=R29(0805)
Added Component: Designator=R30(0805)
Added Component: Designator=R31(0805)
Added Component: Designator=R32(0805)
Added Component: Designator=R33(1206)
Added Component: Designator=R34(1206)
Added Component: Designator=R35(1206)
Added Component: Designator=R36(1206)
Added Component: Designator=R37(1206)
Added Component: Designator=R38(1206)
Added Component: Designator=U1(TCRT5000)
Added Component: Designator=U2(TCRT5000)
Added Component: Designator=U3(TCRT5000)
Added Component: Designator=U4(TCRT5000)
Added Component: Designator=U5(TCRT5000)
Added Component: Designator=U6(TCRT5000)
Added Component: Designator=U7(TCRT5000)
Added Component: Designator=U8(TCRT5000)
Added Component: Designator=U9(TCRT5000)
Added Component: Designator=U10(TCRT5000)
Added Component: Designator=U11(TCRT5000)
Added Component: Designator=U12(TCRT5000)
Added Component: Designator=U13(TCRT5000)
Added Component: Designator=U14(TCRT5000)
Added Component: Designator=U15(TCRT5000)
Added Component: Designator=U16(TCRT5000)
Added Pin To Net: NetName=NetD1_1 Pin=D1-1
Added Pin To Net: NetName=GND Pin=D1-2
Added Pin To Net: NetName=NetD2_1 Pin=D2-1
Added Pin To Net: NetName=GND Pin=D2-2
Added Pin To Net: NetName=NetD3_1 Pin=D3-1
Added Pin To Net: NetName=GND Pin=D3-2
Added Pin To Net: NetName=NetD4_1 Pin=D4-1
Added Pin To Net: NetName=GND Pin=D4-2
Added Pin To Net: NetName=NetD5_1 Pin=D5-1
Added Pin To Net: NetName=GND Pin=D5-2
Added Pin To Net: NetName=NetD6_1 Pin=D6-1
Added Pin To Net: NetName=GND Pin=D6-2
Added Pin To Net: NetName=OUTPUT Pin=multipelexer-1
Added Pin To Net: NetName=OUT8 Pin=multipelexer-2
Added Pin To Net: NetName=OUT7 Pin=multipelexer-3
Added Pin To Net: NetName=OUT6 Pin=multipelexer-4
Added Pin To Net: NetName=OUT5 Pin=multipelexer-5
Added Pin To Net: NetName=OUT4 Pin=multipelexer-6
Added Pin To Net: NetName=OUT3 Pin=multipelexer-7
Added Pin To Net: NetName=OUT2 Pin=multipelexer-8
Added Pin To Net: NetName=OUT1 Pin=multipelexer-9
Added Pin To Net: NetName=A Pin=multipelexer-10
Added Pin To Net: NetName=B Pin=multipelexer-11
Added Pin To Net: NetName=GND Pin=multipelexer-12
Added Pin To Net: NetName=D Pin=multipelexer-13
Added Pin To Net: NetName=C Pin=multipelexer-14
Added Pin To Net: NetName=GND Pin=multipelexer-15
Added Pin To Net: NetName=OUT16 Pin=multipelexer-16
Added Pin To Net: NetName=OUT15 Pin=multipelexer-17
Added Pin To Net: NetName=OUT14 Pin=multipelexer-18
Added Pin To Net: NetName=OUT12 Pin=multipelexer-19
Added Pin To Net: NetName=OUT12 Pin=multipelexer-20
Added Pin To Net: NetName=OUT11 Pin=multipelexer-21
Added Pin To Net: NetName=OUT10 Pin=multipelexer-22
Added Pin To Net: NetName=OUT9 Pin=multipelexer-23
Added Pin To Net: NetName=VCC Pin=multipelexer-24
Added Pin To Net: NetName=VCC Pin=OUTMULTI-1
Added Pin To Net: NetName=A Pin=OUTMULTI-2
Added Pin To Net: NetName=B Pin=OUTMULTI-3
Added Pin To Net: NetName=C Pin=OUTMULTI-4
Added Pin To Net: NetName=D Pin=OUTMULTI-5
Added Pin To Net: NetName=OUTPUT Pin=OUTMULTI-6
Added Pin To Net: NetName=GND Pin=OUTMULTI-8
Added Pin To Net: NetName=NetR1_1 Pin=R1-1
Added Pin To Net: NetName=VCC Pin=R1-2
Added Pin To Net: NetName=OUT1 Pin=R2-1
Added Pin To Net: NetName=VCC Pin=R2-2
Added Pin To Net: NetName=NetR3_1 Pin=R3-1
Added Pin To Net: NetName=VCC Pin=R3-2
Added Pin To Net: NetName=OUT2 Pin=R4-1
Added Pin To Net: NetName=VCC Pin=R4-2
Added Pin To Net: NetName=NetR5_1 Pin=R5-1
Added Pin To Net: NetName=VCC Pin=R5-2
Added Pin To Net: NetName=OUT3 Pin=R6-1
Added Pin To Net: NetName=VCC Pin=R6-2
Added Pin To Net: NetName=NetR7_1 Pin=R7-1
Added Pin To Net: NetName=VCC Pin=R7-2
Added Pin To Net: NetName=OUT4 Pin=R8-1
Added Pin To Net: NetName=VCC Pin=R8-2
Added Pin To Net: NetName=NetR9_1 Pin=R9-1
Added Pin To Net: NetName=VCC Pin=R9-2
Added Pin To Net: NetName=OUT5 Pin=R10-1
Added Pin To Net: NetName=VCC Pin=R10-2
Added Pin To Net: NetName=NetR11_1 Pin=R11-1
Added Pin To Net: NetName=VCC Pin=R11-2
Added Pin To Net: NetName=OUT6 Pin=R12-1
Added Pin To Net: NetName=VCC Pin=R12-2
Added Pin To Net: NetName=NetR13_1 Pin=R13-1
Added Pin To Net: NetName=VCC Pin=R13-2
Added Pin To Net: NetName=OUT7 Pin=R14-1
Added Pin To Net: NetName=VCC Pin=R14-2
Added Pin To Net: NetName=NetR15_1 Pin=R15-1
Added Pin To Net: NetName=VCC Pin=R15-2
Added Pin To Net: NetName=OUT8 Pin=R16-1
Added Pin To Net: NetName=VCC Pin=R16-2
Added Pin To Net: NetName=NetR17_1 Pin=R17-1
Added Pin To Net: NetName=VCC Pin=R17-2
Added Pin To Net: NetName=OUT9 Pin=R18-1
Added Pin To Net: NetName=VCC Pin=R18-2
Added Pin To Net: NetName=NetR19_1 Pin=R19-1
Added Pin To Net: NetName=VCC Pin=R19-2
Added Pin To Net: NetName=OUT10 Pin=R20-1
Added Pin To Net: NetName=VCC Pin=R20-2
Added Pin To Net: NetName=NetR21_1 Pin=R21-1
Added Pin To Net: NetName=VCC Pin=R21-2
Added Pin To Net: NetName=OUT11 Pin=R22-1
Added Pin To Net: NetName=VCC Pin=R22-2
Added Pin To Net: NetName=NetR23_1 Pin=R23-1
Added Pin To Net: NetName=VCC Pin=R23-2
Added Pin To Net: NetName=OUT12 Pin=R24-1
Added Pin To Net: NetName=VCC Pin=R24-2
Added Pin To Net: NetName=NetR25_1 Pin=R25-1
Added Pin To Net: NetName=VCC Pin=R25-2
Added Pin To Net: NetName=OUT13 Pin=R26-1
Added Pin To Net: NetName=VCC Pin=R26-2
Added Pin To Net: NetName=NetR27_1 Pin=R27-1
Added Pin To Net: NetName=VCC Pin=R27-2
Added Pin To Net: NetName=OUT14 Pin=R28-1
Added Pin To Net: NetName=VCC Pin=R28-2
Added Pin To Net: NetName=NetR29_1 Pin=R29-1
Added Pin To Net: NetName=VCC Pin=R29-2
Added Pin To Net: NetName=OUT15 Pin=R30-1
Added Pin To Net: NetName=VCC Pin=R30-2
Added Pin To Net: NetName=NetR31_1 Pin=R31-1
Added Pin To Net: NetName=VCC Pin=R31-2
Added Pin To Net: NetName=OUT16 Pin=R32-1
Added Pin To Net: NetName=VCC Pin=R32-2
Added Pin To Net: NetName=VCC Pin=R33-1
Added Pin To Net: NetName=NetD1_1 Pin=R33-2
Added Pin To Net: NetName=VCC Pin=R34-1
Added Pin To Net: NetName=NetD2_1 Pin=R34-2
Added Pin To Net: NetName=VCC Pin=R35-1
Added Pin To Net: NetName=NetD3_1 Pin=R35-2
Added Pin To Net: NetName=VCC Pin=R36-1
Added Pin To Net: NetName=NetD4_1 Pin=R36-2
Added Pin To Net: NetName=VCC Pin=R37-1
Added Pin To Net: NetName=NetD5_1 Pin=R37-2
Added Pin To Net: NetName=VCC Pin=R38-1
Added Pin To Net: NetName=NetD6_1 Pin=R38-2
Added Pin To Net: NetName=NetR1_1 Pin=U1-A
Added Pin To Net: NetName=OUT1 Pin=U1-C
Added Pin To Net: NetName=GND Pin=U1-E
Added Pin To Net: NetName=GND Pin=U1-K
Added Pin To Net: NetName=NetR3_1 Pin=U2-A
Added Pin To Net: NetName=OUT2 Pin=U2-C
Added Pin To Net: NetName=GND Pin=U2-E
Added Pin To Net: NetName=GND Pin=U2-K
Added Pin To Net: NetName=NetR5_1 Pin=U3-A
Added Pin To Net: NetName=OUT3 Pin=U3-C
Added Pin To Net: NetName=GND Pin=U3-E
Added Pin To Net: NetName=GND Pin=U3-K
Added Pin To Net: NetName=NetR7_1 Pin=U4-A
Added Pin To Net: NetName=OUT4 Pin=U4-C
Added Pin To Net: NetName=GND Pin=U4-E
Added Pin To Net: NetName=GND Pin=U4-K
Added Pin To Net: NetName=NetR9_1 Pin=U5-A
Added Pin To Net: NetName=OUT5 Pin=U5-C
Added Pin To Net: NetName=GND Pin=U5-E
Added Pin To Net: NetName=GND Pin=U5-K
Added Pin To Net: NetName=NetR11_1 Pin=U6-A
Added Pin To Net: NetName=OUT6 Pin=U6-C
Added Pin To Net: NetName=GND Pin=U6-E
Added Pin To Net: NetName=GND Pin=U6-K
Added Pin To Net: NetName=NetR13_1 Pin=U7-A
Added Pin To Net: NetName=OUT7 Pin=U7-C
Added Pin To Net: NetName=GND Pin=U7-E
Added Pin To Net: NetName=GND Pin=U7-K
Added Pin To Net: NetName=NetR15_1 Pin=U8-A
Added Pin To Net: NetName=OUT8 Pin=U8-C
Added Pin To Net: NetName=GND Pin=U8-E
Added Pin To Net: NetName=GND Pin=U8-K
Added Pin To Net: NetName=NetR17_1 Pin=U9-A
Added Pin To Net: NetName=OUT9 Pin=U9-C
Added Pin To Net: NetName=GND Pin=U9-E
Added Pin To Net: NetName=GND Pin=U9-K
Added Pin To Net: NetName=NetR19_1 Pin=U10-A
Added Pin To Net: NetName=OUT10 Pin=U10-C
Added Pin To Net: NetName=GND Pin=U10-E
Added Pin To Net: NetName=GND Pin=U10-K
Added Pin To Net: NetName=NetR21_1 Pin=U11-A
Added Pin To Net: NetName=OUT11 Pin=U11-C
Added Pin To Net: NetName=GND Pin=U11-E
Added Pin To Net: NetName=GND Pin=U11-K
Added Pin To Net: NetName=NetR23_1 Pin=U12-A
Added Pin To Net: NetName=OUT12 Pin=U12-C
Added Pin To Net: NetName=GND Pin=U12-E
Added Pin To Net: NetName=GND Pin=U12-K
Added Pin To Net: NetName=NetR25_1 Pin=U13-A
Added Pin To Net: NetName=OUT13 Pin=U13-C
Added Pin To Net: NetName=GND Pin=U13-E
Added Pin To Net: NetName=GND Pin=U13-K
Added Pin To Net: NetName=NetR27_1 Pin=U14-A
Added Pin To Net: NetName=OUT14 Pin=U14-C
Added Pin To Net: NetName=GND Pin=U14-E
Added Pin To Net: NetName=GND Pin=U14-K
Added Pin To Net: NetName=NetR29_1 Pin=U15-A
Added Pin To Net: NetName=OUT15 Pin=U15-C
Added Pin To Net: NetName=GND Pin=U15-E
Added Pin To Net: NetName=GND Pin=U15-K
Added Pin To Net: NetName=NetR31_1 Pin=U16-A
Added Pin To Net: NetName=OUT16 Pin=U16-C
Added Pin To Net: NetName=GND Pin=U16-E
Added Pin To Net: NetName=GND Pin=U16-K
Added Member To Class: ClassName=tcrt 16 Sheet Member=Component D1 LED-SMD(1206)
Added Member To Class: ClassName=tcrt 16 Sheet Member=Component D2 LED-SMD(1206)
Added Member To Class: ClassName=tcrt 16 Sheet Member=Component D3 LED-SMD(1206)
Added Member To Class: ClassName=tcrt 16 Sheet Member=Component D4 LED-SMD(1206)
Added Member To Class: ClassName=tcrt 16 Sheet Member=Component D5 LED-SMD(1206)
Added Member To Class: ClassName=tcrt 16 Sheet Member=Component D6 LED-SMD(1206)
Added Member To Class: ClassName=tcrt 16 Sheet Member=Component multipelexer BC4067BE_*
Added Member To Class: ClassName=tcrt 16 Sheet Member=Component OUTMULTI Header 8
Added Member To Class: ClassName=tcrt 16 Sheet Member=Component R1 150
Added Member To Class: ClassName=tcrt 16 Sheet Member=Component R2 10K
Added Member To Class: ClassName=tcrt 16 Sheet Member=Component R3 150
Added Member To Class: ClassName=tcrt 16 Sheet Member=Component R4 10K
Added Member To Class: ClassName=tcrt 16 Sheet Member=Component R5 150
Added Member To Class: ClassName=tcrt 16 Sheet Member=Component R6 10K
Added Member To Class: ClassName=tcrt 16 Sheet Member=Component R7 150
Added Member To Class: ClassName=tcrt 16 Sheet Member=Component R8 10K
Added Member To Class: ClassName=tcrt 16 Sheet Member=Component R9 150
Added Member To Class: ClassName=tcrt 16 Sheet Member=Component R10 10K
Added Member To Class: ClassName=tcrt 16 Sheet Member=Component R11 150
Added Member To Class: ClassName=tcrt 16 Sheet Member=Component R12 10K
Added Member To Class: ClassName=tcrt 16 Sheet Member=Component R13 150
Added Member To Class: ClassName=tcrt 16 Sheet Member=Component R14 10K
Added Member To Class: ClassName=tcrt 16 Sheet Member=Component R15 150
Added Member To Class: ClassName=tcrt 16 Sheet Member=Component R16 10K
Added Member To Class: ClassName=tcrt 16 Sheet Member=Component R17 150
Added Member To Class: ClassName=tcrt 16 Sheet Member=Component R18 10K
Added Member To Class: ClassName=tcrt 16 Sheet Member=Component R19 150
Added Member To Class: ClassName=tcrt 16 Sheet Member=Component R20 10K
Added Member To Class: ClassName=tcrt 16 Sheet Member=Component R21 150
Added Member To Class: ClassName=tcrt 16 Sheet Member=Component R22 10K
Added Member To Class: ClassName=tcrt 16 Sheet Member=Component R23 150
Added Member To Class: ClassName=tcrt 16 Sheet Member=Component R24 10K
Added Member To Class: ClassName=tcrt 16 Sheet Member=Component R25 150
Added Member To Class: ClassName=tcrt 16 Sheet Member=Component R26 10K
Added Member To Class: ClassName=tcrt 16 Sheet Member=Component R27 150
Added Member To Class: ClassName=tcrt 16 Sheet Member=Component R28 10K
Added Member To Class: ClassName=tcrt 16 Sheet Member=Component R29 150
Added Member To Class: ClassName=tcrt 16 Sheet Member=Component R30 10K
Added Member To Class: ClassName=tcrt 16 Sheet Member=Component R31 150
Added Member To Class: ClassName=tcrt 16 Sheet Member=Component R32 10K
Added Member To Class: ClassName=tcrt 16 Sheet Member=Component R33 150
Added Member To Class: ClassName=tcrt 16 Sheet Member=Component R34 150
Added Member To Class: ClassName=tcrt 16 Sheet Member=Component R35 150
Added Member To Class: ClassName=tcrt 16 Sheet Member=Component R36 150
Added Member To Class: ClassName=tcrt 16 Sheet Member=Component R37 150
Added Member To Class: ClassName=tcrt 16 Sheet Member=Component R38 150
Added Member To Class: ClassName=tcrt 16 Sheet Member=Component U1 TCRT500
Added Member To Class: ClassName=tcrt 16 Sheet Member=Component U2 TCRT500
Added Member To Class: ClassName=tcrt 16 Sheet Member=Component U3 TCRT500
Added Member To Class: ClassName=tcrt 16 Sheet Member=Component U4 TCRT500
Added Member To Class: ClassName=tcrt 16 Sheet Member=Component U5 TCRT500
Added Member To Class: ClassName=tcrt 16 Sheet Member=Component U6 TCRT500
Added Member To Class: ClassName=tcrt 16 Sheet Member=Component U7 TCRT500
Added Member To Class: ClassName=tcrt 16 Sheet Member=Component U8 TCRT500
Added Member To Class: ClassName=tcrt 16 Sheet Member=Component U9 TCRT500
Added Member To Class: ClassName=tcrt 16 Sheet Member=Component U10 TCRT500
Added Member To Class: ClassName=tcrt 16 Sheet Member=Component U11 TCRT500
Added Member To Class: ClassName=tcrt 16 Sheet Member=Component U12 TCRT500
Added Member To Class: ClassName=tcrt 16 Sheet Member=Component U13 TCRT500
Added Member To Class: ClassName=tcrt 16 Sheet Member=Component U14 TCRT500
Added Member To Class: ClassName=tcrt 16 Sheet Member=Component U15 TCRT500
Added Member To Class: ClassName=tcrt 16 Sheet Member=Component U16 TCRT500
Added Room: Name=tcrt 16 Sheet
