Added Pin To Net: NetName=3.3V Pin=1-5
Added Pin To Net: NetName=3.3V Pin=2-5
Added Net: Name=3.3V
Added Pin To Net: NetName=A Pin=multipelexer-10
Added Pin To Net: NetName=A Pin=OUTMULTI-2
Added Net: Name=A
Added Pin To Net: NetName=B Pin=multipelexer-11
Added Pin To Net: NetName=B Pin=OUTMULTI-3
Added Net: Name=B
Added Pin To Net: NetName=C Pin=multipelexer-14
Added Pin To Net: NetName=C Pin=OUTMULTI-4
Added Net: Name=C
Added Pin To Net: NetName=D Pin=multipelexer-13
Added Pin To Net: NetName=D Pin=OUTMULTI-5
Added Net: Name=D
Added Pin To Net: NetName=GND Pin=1-6
Added Pin To Net: NetName=GND Pin=2-6
Added Pin To Net: NetName=GND Pin=col1-4
Added Pin To Net: NetName=GND Pin=col2-4
Added Pin To Net: NetName=GND Pin=D1-2
Added Pin To Net: NetName=GND Pin=D2-2
Added Pin To Net: NetName=GND Pin=D3-2
Added Pin To Net: NetName=GND Pin=D4-2
Added Pin To Net: NetName=GND Pin=D5-2
Added Pin To Net: NetName=GND Pin=D6-2
Added Pin To Net: NetName=GND Pin=multipelexer-12
Added Pin To Net: NetName=GND Pin=multipelexer-15
Added Pin To Net: NetName=GND Pin=OUTMULTI-8
Added Pin To Net: NetName=GND Pin=U1-E
Added Pin To Net: NetName=GND Pin=U1-K
Added Pin To Net: NetName=GND Pin=U2-E
Added Pin To Net: NetName=GND Pin=U2-K
Added Pin To Net: NetName=GND Pin=U3-E
Added Pin To Net: NetName=GND Pin=U3-K
Added Pin To Net: NetName=GND Pin=U4-E
Added Pin To Net: NetName=GND Pin=U4-K
Added Pin To Net: NetName=GND Pin=U5-E
Added Pin To Net: NetName=GND Pin=U5-K
Added Pin To Net: NetName=GND Pin=U6-E
Added Pin To Net: NetName=GND Pin=U6-K
Added Pin To Net: NetName=GND Pin=U7-E
Added Pin To Net: NetName=GND Pin=U7-K
Added Pin To Net: NetName=GND Pin=U8-E
Added Pin To Net: NetName=GND Pin=U8-K
Added Pin To Net: NetName=GND Pin=U9-E
Added Pin To Net: NetName=GND Pin=U9-K
Added Pin To Net: NetName=GND Pin=U10-E
Added Pin To Net: NetName=GND Pin=U10-K
Added Pin To Net: NetName=GND Pin=U11-E
Added Pin To Net: NetName=GND Pin=U11-K
Added Pin To Net: NetName=GND Pin=U12-E
Added Pin To Net: NetName=GND Pin=U12-K
Added Pin To Net: NetName=GND Pin=U13-E
Added Pin To Net: NetName=GND Pin=U13-K
Added Pin To Net: NetName=GND Pin=U14-E
Added Pin To Net: NetName=GND Pin=U14-K
Added Pin To Net: NetName=GND Pin=U15-E
Added Pin To Net: NetName=GND Pin=U15-K
Added Pin To Net: NetName=GND Pin=U16-E
Added Pin To Net: NetName=GND Pin=U16-K
Added Net: Name=GND
Added Pin To Net: NetName=INT Pin=1-2
Added Pin To Net: NetName=INT Pin=2-2
Added Net: Name=INT
Added Pin To Net: NetName=LED Pin=1-1
Added Pin To Net: NetName=LED Pin=2-1
Added Net: Name=LED
Added Pin To Net: NetName=NetD1_1 Pin=D1-1
Added Pin To Net: NetName=NetD1_1 Pin=R33-2
Added Net: Name=NetD1_1
Added Pin To Net: NetName=NetD2_1 Pin=D2-1
Added Pin To Net: NetName=NetD2_1 Pin=R34-2
Added Net: Name=NetD2_1
Added Pin To Net: NetName=NetD3_1 Pin=D3-1
Added Pin To Net: NetName=NetD3_1 Pin=R35-2
Added Net: Name=NetD3_1
Added Pin To Net: NetName=NetD4_1 Pin=D4-1
Added Pin To Net: NetName=NetD4_1 Pin=R36-2
Added Net: Name=NetD4_1
Added Pin To Net: NetName=NetD5_1 Pin=D5-1
Added Pin To Net: NetName=NetD5_1 Pin=R37-2
Added Net: Name=NetD5_1
Added Pin To Net: NetName=NetD6_1 Pin=D6-1
Added Pin To Net: NetName=NetD6_1 Pin=R38-2
Added Net: Name=NetD6_1
Added Pin To Net: NetName=NetR1_1 Pin=R1-1
Added Pin To Net: NetName=NetR1_1 Pin=U1-A
Added Net: Name=NetR1_1
Added Pin To Net: NetName=NetR3_1 Pin=R3-1
Added Pin To Net: NetName=NetR3_1 Pin=U2-A
Added Net: Name=NetR3_1
Added Pin To Net: NetName=NetR5_1 Pin=R5-1
Added Pin To Net: NetName=NetR5_1 Pin=U3-A
Added Net: Name=NetR5_1
Added Pin To Net: NetName=NetR7_1 Pin=R7-1
Added Pin To Net: NetName=NetR7_1 Pin=U4-A
Added Net: Name=NetR7_1
Added Pin To Net: NetName=NetR9_1 Pin=R9-1
Added Pin To Net: NetName=NetR9_1 Pin=U5-A
Added Net: Name=NetR9_1
Added Pin To Net: NetName=NetR11_1 Pin=R11-1
Added Pin To Net: NetName=NetR11_1 Pin=U6-A
Added Net: Name=NetR11_1
Added Pin To Net: NetName=NetR13_1 Pin=R13-1
Added Pin To Net: NetName=NetR13_1 Pin=U7-A
Added Net: Name=NetR13_1
Added Pin To Net: NetName=NetR15_1 Pin=R15-1
Added Pin To Net: NetName=NetR15_1 Pin=U8-A
Added Net: Name=NetR15_1
Added Pin To Net: NetName=NetR17_1 Pin=R17-1
Added Pin To Net: NetName=NetR17_1 Pin=U9-A
Added Net: Name=NetR17_1
Added Pin To Net: NetName=NetR19_1 Pin=R19-1
Added Pin To Net: NetName=NetR19_1 Pin=U10-A
Added Net: Name=NetR19_1
Added Pin To Net: NetName=NetR21_1 Pin=R21-1
Added Pin To Net: NetName=NetR21_1 Pin=U11-A
Added Net: Name=NetR21_1
Added Pin To Net: NetName=NetR23_1 Pin=R23-1
Added Pin To Net: NetName=NetR23_1 Pin=U12-A
Added Net: Name=NetR23_1
Added Pin To Net: NetName=NetR25_1 Pin=R25-1
Added Pin To Net: NetName=NetR25_1 Pin=U13-A
Added Net: Name=NetR25_1
Added Pin To Net: NetName=NetR27_1 Pin=R27-1
Added Pin To Net: NetName=NetR27_1 Pin=U14-A
Added Net: Name=NetR27_1
Added Pin To Net: NetName=NetR29_1 Pin=R29-1
Added Pin To Net: NetName=NetR29_1 Pin=U15-A
Added Net: Name=NetR29_1
Added Pin To Net: NetName=NetR31_1 Pin=R31-1
Added Pin To Net: NetName=NetR31_1 Pin=U16-A
Added Net: Name=NetR31_1
Added Pin To Net: NetName=OUT1 Pin=multipelexer-9
Added Pin To Net: NetName=OUT1 Pin=R2-1
Added Pin To Net: NetName=OUT1 Pin=U1-C
Added Net: Name=OUT1
Added Pin To Net: NetName=OUT2 Pin=multipelexer-8
Added Pin To Net: NetName=OUT2 Pin=R4-1
Added Pin To Net: NetName=OUT2 Pin=U2-C
Added Net: Name=OUT2
Added Pin To Net: NetName=OUT3 Pin=multipelexer-7
Added Pin To Net: NetName=OUT3 Pin=R6-1
Added Pin To Net: NetName=OUT3 Pin=U3-C
Added Net: Name=OUT3
Added Pin To Net: NetName=OUT4 Pin=multipelexer-6
Added Pin To Net: NetName=OUT4 Pin=R8-1
Added Pin To Net: NetName=OUT4 Pin=U4-C
Added Net: Name=OUT4
Added Pin To Net: NetName=OUT5 Pin=multipelexer-5
Added Pin To Net: NetName=OUT5 Pin=R10-1
Added Pin To Net: NetName=OUT5 Pin=U5-C
Added Net: Name=OUT5
Added Pin To Net: NetName=OUT6 Pin=multipelexer-4
Added Pin To Net: NetName=OUT6 Pin=R12-1
Added Pin To Net: NetName=OUT6 Pin=U6-C
Added Net: Name=OUT6
Added Pin To Net: NetName=OUT7 Pin=multipelexer-3
Added Pin To Net: NetName=OUT7 Pin=R14-1
Added Pin To Net: NetName=OUT7 Pin=U7-C
Added Net: Name=OUT7
Added Pin To Net: NetName=OUT8 Pin=multipelexer-2
Added Pin To Net: NetName=OUT8 Pin=R16-1
Added Pin To Net: NetName=OUT8 Pin=U8-C
Added Net: Name=OUT8
Added Pin To Net: NetName=OUT9 Pin=multipelexer-23
Added Pin To Net: NetName=OUT9 Pin=R18-1
Added Pin To Net: NetName=OUT9 Pin=U9-C
Added Net: Name=OUT9
Added Pin To Net: NetName=OUT10 Pin=multipelexer-22
Added Pin To Net: NetName=OUT10 Pin=R20-1
Added Pin To Net: NetName=OUT10 Pin=U10-C
Added Net: Name=OUT10
Added Pin To Net: NetName=OUT11 Pin=multipelexer-21
Added Pin To Net: NetName=OUT11 Pin=R22-1
Added Pin To Net: NetName=OUT11 Pin=U11-C
Added Net: Name=OUT11
Added Pin To Net: NetName=OUT12 Pin=multipelexer-19
Added Pin To Net: NetName=OUT12 Pin=multipelexer-20
Added Pin To Net: NetName=OUT12 Pin=R24-1
Added Pin To Net: NetName=OUT12 Pin=U12-C
Added Net: Name=OUT12
Added Pin To Net: NetName=OUT13 Pin=R26-1
Added Pin To Net: NetName=OUT13 Pin=U13-C
Added Net: Name=OUT13
Added Pin To Net: NetName=OUT14 Pin=multipelexer-18
Added Pin To Net: NetName=OUT14 Pin=R28-1
Added Pin To Net: NetName=OUT14 Pin=U14-C
Added Net: Name=OUT14
Added Pin To Net: NetName=OUT15 Pin=multipelexer-17
Added Pin To Net: NetName=OUT15 Pin=R30-1
Added Pin To Net: NetName=OUT15 Pin=U15-C
Added Net: Name=OUT15
Added Pin To Net: NetName=OUT16 Pin=multipelexer-16
Added Pin To Net: NetName=OUT16 Pin=R32-1
Added Pin To Net: NetName=OUT16 Pin=U16-C
Added Net: Name=OUT16
Added Pin To Net: NetName=OUTPUT Pin=OUTMULTI-6
Added Net: Name=OUTPUT
Added Pin To Net: NetName=SCL0 Pin=1-4
Added Pin To Net: NetName=SCL0 Pin=col1-2
Added Net: Name=SCL0
Added Pin To Net: NetName=SCL1 Pin=2-4
Added Pin To Net: NetName=SCL1 Pin=col2-2
Added Net: Name=SCL1
Added Pin To Net: NetName=SDA0 Pin=1-3
Added Pin To Net: NetName=SDA0 Pin=col1-1
Added Net: Name=SDA0
Added Pin To Net: NetName=SDA1 Pin=2-3
Added Pin To Net: NetName=SDA1 Pin=col2-1
Added Net: Name=SDA1
Added Pin To Net: NetName=VCC Pin=1-7
Added Pin To Net: NetName=VCC Pin=2-7
Added Pin To Net: NetName=VCC Pin=col1-3
Added Pin To Net: NetName=VCC Pin=col2-3
Added Pin To Net: NetName=VCC Pin=multipelexer-24
Added Pin To Net: NetName=VCC Pin=OUTMULTI-1
Added Pin To Net: NetName=VCC Pin=R1-2
Added Pin To Net: NetName=VCC Pin=R2-2
Added Pin To Net: NetName=VCC Pin=R3-2
Added Pin To Net: NetName=VCC Pin=R4-2
Added Pin To Net: NetName=VCC Pin=R5-2
Added Pin To Net: NetName=VCC Pin=R6-2
Added Pin To Net: NetName=VCC Pin=R7-2
Added Pin To Net: NetName=VCC Pin=R8-2
Added Pin To Net: NetName=VCC Pin=R9-2
Added Pin To Net: NetName=VCC Pin=R10-2
Added Pin To Net: NetName=VCC Pin=R11-2
Added Pin To Net: NetName=VCC Pin=R12-2
Added Pin To Net: NetName=VCC Pin=R13-2
Added Pin To Net: NetName=VCC Pin=R14-2
Added Pin To Net: NetName=VCC Pin=R15-2
Added Pin To Net: NetName=VCC Pin=R16-2
Added Pin To Net: NetName=VCC Pin=R17-2
Added Pin To Net: NetName=VCC Pin=R18-2
Added Pin To Net: NetName=VCC Pin=R19-2
Added Pin To Net: NetName=VCC Pin=R20-2
Added Pin To Net: NetName=VCC Pin=R21-2
Added Pin To Net: NetName=VCC Pin=R22-2
Added Pin To Net: NetName=VCC Pin=R23-2
Added Pin To Net: NetName=VCC Pin=R24-2
Added Pin To Net: NetName=VCC Pin=R25-2
Added Pin To Net: NetName=VCC Pin=R26-2
Added Pin To Net: NetName=VCC Pin=R27-2
Added Pin To Net: NetName=VCC Pin=R28-2
Added Pin To Net: NetName=VCC Pin=R29-2
Added Pin To Net: NetName=VCC Pin=R30-2
Added Pin To Net: NetName=VCC Pin=R31-2
Added Pin To Net: NetName=VCC Pin=R32-2
Added Pin To Net: NetName=VCC Pin=R33-1
Added Pin To Net: NetName=VCC Pin=R34-1
Added Pin To Net: NetName=VCC Pin=R35-1
Added Pin To Net: NetName=VCC Pin=R36-1
Added Pin To Net: NetName=VCC Pin=R37-1
Added Pin To Net: NetName=VCC Pin=R38-1
Added Net: Name=VCC
Added Room: Name=tcrt 16 Sheet
